#
# There is insufficient memory for the Java Runtime Environment to continue.
# Native memory allocation (malloc) failed to allocate 1048576 bytes for AllocateHeap
# Possible reasons:
#   The system is out of physical RAM or swap space
#   The process is running with CompressedOops enabled, and the Java Heap may be blocking the growth of the native heap
# Possible solutions:
#   Reduce memory load on the system
#   Increase physical memory or swap space
#   Check if swap backing store is full
#   Decrease Java heap size (-Xmx/-Xms)
#   Decrease number of Java threads
#   Decrease Java thread stack sizes (-Xss)
#   Set larger code cache with -XX:ReservedCodeCacheSize=
#   JVM is running with Zero Based Compressed Oops mode in which the Java heap is
#     placed in the first 32GB address space. The Java Heap base address is the
#     maximum limit for the native heap growth. Please use -XX:HeapBaseMinAddress
#     to set the Java Heap base and to place the Java Heap above 32GB virtual address.
# This output file may be truncated or incomplete.
#
#  Out of Memory Error (allocation.cpp:44), pid=24436, tid=41748
#
# JRE version:  (17.0.10+11) (build )
# Java VM: Java HotSpot(TM) 64-Bit Server VM (17.0.10+11-LTS-240, mixed mode, sharing, tiered, compressed oops, compressed class ptrs, g1 gc, windows-amd64)
# No core dump will be written. Minidumps are not enabled by default on client versions of Windows
#

---------------  S U M M A R Y ------------

Command Line: -Dfile.encoding=UTF-8 -Dstdout.encoding=UTF-8 -Dstderr.encoding=UTF-8 --module-path=D:\DeadlineIUH\BaitapPTUD\Code\DeTai_PTUD\lib\sqljdbc4.jar;D:\DeadlineIUH\BaitapPTUD\Code\DeTai_PTUD\lib\jdatepicker-1.3.4.jar;D:\DeadlineIUH\BaitapPTUD\Code\DeTai_PTUD\lib\controlsfx-11.1.2.jar -XX:+ShowCodeDetailsInExceptionMessages view.Main

Host: 12th Gen Intel(R) Core(TM) i7-1255U, 12 cores, 15G,  Windows 11 , 64 bit Build 22621 (10.0.22621.3958)
Time: Sat Oct  5 17:48:00 2024 SE Asia Standard Time elapsed time: 0.020362 seconds (0d 0h 0m 0s)

---------------  T H R E A D  ---------------

Current thread (0x000002366b1c74c0):  JavaThread "Unknown thread" [_thread_in_vm, id=41748, stack(0x0000006ff1500000,0x0000006ff1600000)]

Stack: [0x0000006ff1500000,0x0000006ff1600000]
Native frames: (J=compiled Java code, j=interpreted, Vv=VM code, C=native code)
V  [jvm.dll+0x677a5a]
V  [jvm.dll+0x7d8b2d]
V  [jvm.dll+0x7da48e]
V  [jvm.dll+0x7daaf3]
V  [jvm.dll+0x2455ff]
V  [jvm.dll+0xa5173]
V  [jvm.dll+0x2e30ae]
V  [jvm.dll+0x2dadcb]
V  [jvm.dll+0x7aa551]
V  [jvm.dll+0x367911]
V  [jvm.dll+0x789639]
V  [jvm.dll+0x3eb30f]
V  [jvm.dll+0x3ecd91]
C  [jli.dll+0x5297]
C  [ucrtbase.dll+0x29333]
C  [KERNEL32.DLL+0x1257d]
C  [ntdll.dll+0x5af28]


---------------  P R O C E S S  ---------------

Threads class SMR info:
_java_thread_list=0x00007ffe76886a18, length=0, elements={
}

Java Threads: ( => current thread )

Other Threads:
  0x000002366b233a40 GCTaskThread "GC Thread#0" [stack: 0x0000006ff1600000,0x0000006ff1700000] [id=31224]

[error occurred during error reporting (printing all threads), id 0xc0000005, EXCEPTION_ACCESS_VIOLATION (0xc0000005) at pc=0x00007ffe760b8020]

VM state: not at safepoint (not fully initialized)

VM Mutex/Monitor currently owned by a thread:  ([mutex/lock_event])
[0x000002366b1c2980] Heap_lock - owner thread: 0x000002366b1c74c0

Heap address: 0x0000000705200000, size: 4014 MB, Compressed Oops mode: Zero based, Oop shift amount: 3

CDS archive(s) mapped at: [0x0000000000000000-0x0000000000000000-0x0000000000000000), size 0, SharedBaseAddress: 0x0000000800000000, ArchiveRelocationMode: 1.
Narrow klass base: 0x0000000000000000, Narrow klass shift: 0, Narrow klass range: 0x0

GC Precious Log:
<Empty>

Heap:
 garbage-first heap   total 0K, used 0K [0x0000000705200000, 0x0000000800000000)
  region size 2048K, 0 young (0K), 0 survivors (0K)

[error occurred during error reporting (printing heap information), id 0xc0000005, EXCEPTION_ACCESS_VIOLATION (0xc0000005) at pc=0x00007ffe764a1249]

GC Heap History (0 events):
No events

Deoptimization events (0 events):
No events

Classes unloaded (0 events):
No events

Classes redefined (0 events):
No events

Internal exceptions (0 events):
No events

VM Operations (0 events):
No events

Events (1 events):
Event: 0.015 Loaded shared library C:\Program Files\Java\jdk-17\bin\java.dll


Dynamic libraries:
0x00007ff7d8de0000 - 0x00007ff7d8df0000 	C:\Program Files\Java\jdk-17\bin\javaw.exe
0x00007fff0b030000 - 0x00007fff0b247000 	C:\WINDOWS\SYSTEM32\ntdll.dll
0x00007fff0a320000 - 0x00007fff0a3e4000 	C:\WINDOWS\System32\KERNEL32.DLL
0x00007fff085f0000 - 0x00007fff0899d000 	C:\WINDOWS\System32\KERNELBASE.dll
0x00007fff08c40000 - 0x00007fff08d51000 	C:\WINDOWS\System32\ucrtbase.dll
0x00007ffeabcf0000 - 0x00007ffeabd0b000 	C:\Program Files\Java\jdk-17\bin\VCRUNTIME140.dll
0x00007ffea9a10000 - 0x00007ffea9a29000 	C:\Program Files\Java\jdk-17\bin\jli.dll
0x00007fff0a980000 - 0x00007fff0aa32000 	C:\WINDOWS\System32\ADVAPI32.dll
0x00007fff0aa40000 - 0x00007fff0aae7000 	C:\WINDOWS\System32\msvcrt.dll
0x00007fff0a540000 - 0x00007fff0a5e9000 	C:\WINDOWS\System32\sechost.dll
0x00007fff08540000 - 0x00007fff08568000 	C:\WINDOWS\System32\bcrypt.dll
0x00007fff0a420000 - 0x00007fff0a534000 	C:\WINDOWS\System32\RPCRT4.dll
0x00007fff0a080000 - 0x00007fff0a22e000 	C:\WINDOWS\System32\USER32.dll
0x00007fff083f0000 - 0x00007fff08416000 	C:\WINDOWS\System32\win32u.dll
0x00007fff0a3f0000 - 0x00007fff0a419000 	C:\WINDOWS\System32\GDI32.dll
0x00007fff08420000 - 0x00007fff08539000 	C:\WINDOWS\System32\gdi32full.dll
0x00007fff08350000 - 0x00007fff083ea000 	C:\WINDOWS\System32\msvcp_win.dll
0x00007ffee0210000 - 0x00007ffee04a3000 	C:\WINDOWS\WinSxS\amd64_microsoft.windows.common-controls_6595b64144ccf1df_6.0.22621.3672_none_2713b9d173822955\COMCTL32.dll
0x00007ffef8090000 - 0x00007ffef809a000 	C:\WINDOWS\SYSTEM32\VERSION.dll
0x00007fff0afb0000 - 0x00007fff0afe1000 	C:\WINDOWS\System32\IMM32.DLL
0x00007ffee8c70000 - 0x00007ffee8c7c000 	C:\Program Files\Java\jdk-17\bin\vcruntime140_1.dll
0x00007ffea17c0000 - 0x00007ffea184e000 	C:\Program Files\Java\jdk-17\bin\msvcp140.dll
0x00007ffe75dd0000 - 0x00007ffe769af000 	C:\Program Files\Java\jdk-17\bin\server\jvm.dll
0x00007fff0a300000 - 0x00007fff0a308000 	C:\WINDOWS\System32\PSAPI.DLL
0x00007ffee6930000 - 0x00007ffee6939000 	C:\WINDOWS\SYSTEM32\WSOCK32.dll
0x00007ffefce90000 - 0x00007ffefcec4000 	C:\WINDOWS\SYSTEM32\WINMM.dll
0x00007fff0a280000 - 0x00007fff0a2f1000 	C:\WINDOWS\System32\WS2_32.dll
0x00007fff07360000 - 0x00007fff07378000 	C:\WINDOWS\SYSTEM32\kernel.appcore.dll
0x00007ffee6820000 - 0x00007ffee682a000 	C:\Program Files\Java\jdk-17\bin\jimage.dll
0x00007fff05c40000 - 0x00007fff05e72000 	C:\WINDOWS\SYSTEM32\DBGHELP.DLL
0x00007fff0a5f0000 - 0x00007fff0a97e000 	C:\WINDOWS\System32\combase.dll
0x00007fff0aed0000 - 0x00007fff0afa7000 	C:\WINDOWS\System32\OLEAUT32.dll
0x00007ffef8b00000 - 0x00007ffef8b32000 	C:\WINDOWS\SYSTEM32\dbgcore.DLL
0x00007fff08570000 - 0x00007fff085eb000 	C:\WINDOWS\System32\bcryptPrimitives.dll
0x00007ffea1f50000 - 0x00007ffea1f75000 	C:\Program Files\Java\jdk-17\bin\java.dll

dbghelp: loaded successfully - version: 4.0.5 - missing functions: none
symbol engine: initialized successfully - sym options: 0x614 - pdb path: .;C:\Program Files\Java\jdk-17\bin;C:\WINDOWS\SYSTEM32;C:\WINDOWS\WinSxS\amd64_microsoft.windows.common-controls_6595b64144ccf1df_6.0.22621.3672_none_2713b9d173822955;C:\Program Files\Java\jdk-17\bin\server

VM Arguments:
jvm_args: -Dfile.encoding=UTF-8 -Dstdout.encoding=UTF-8 -Dstderr.encoding=UTF-8 --module-path=D:\DeadlineIUH\BaitapPTUD\Code\DeTai_PTUD\lib\sqljdbc4.jar;D:\DeadlineIUH\BaitapPTUD\Code\DeTai_PTUD\lib\jdatepicker-1.3.4.jar;D:\DeadlineIUH\BaitapPTUD\Code\DeTai_PTUD\lib\controlsfx-11.1.2.jar -XX:+ShowCodeDetailsInExceptionMessages 
java_command: view.Main
java_class_path (initial): D:\DeadlineIUH\BaitapPTUD\Code\DeTai_PTUD\bin;D:\DeadlineIUH\BaitapPTUD\Code\DeTai_PTUD\lib\commons-codec-1.15.jar;D:\DeadlineIUH\BaitapPTUD\Code\DeTai_PTUD\lib\commons-collections4-4.4.jar;D:\DeadlineIUH\BaitapPTUD\Code\DeTai_PTUD\lib\commons-compress-1.21.jar;D:\DeadlineIUH\BaitapPTUD\Code\DeTai_PTUD\lib\commons-io-2.11.0.jar;D:\DeadlineIUH\BaitapPTUD\Code\DeTai_PTUD\lib\commons-io-2.16.1.jar;D:\DeadlineIUH\BaitapPTUD\Code\DeTai_PTUD\lib\commons-logging-1.2.jar;D:\DeadlineIUH\BaitapPTUD\Code\DeTai_PTUD\lib\commons-math3-3.6.1.jar;D:\DeadlineIUH\BaitapPTUD\Code\DeTai_PTUD\lib\log4j-api-2.23.1.jar;D:\DeadlineIUH\BaitapPTUD\Code\DeTai_PTUD\lib\log4j-core-2.23.1.jar;D:\DeadlineIUH\BaitapPTUD\Code\DeTai_PTUD\lib\poi-5.2.3.jar;D:\DeadlineIUH\BaitapPTUD\Code\DeTai_PTUD\lib\poi-ooxml-5.2.3.jar;D:\DeadlineIUH\BaitapPTUD\Code\DeTai_PTUD\lib\poi-ooxml-full-5.2.3.jar;D:\DeadlineIUH\BaitapPTUD\Code\DeTai_PTUD\lib\xmlbeans-5.1.1.jar;D:\DeadlineIUH\BaitapPTUD\Code\DeTai_PTUD\lib\barcodes-8.0.3.jar;D:\DeadlineIUH\BaitapPTUD\Code\DeTai_PTUD\lib\bouncy-castle-adapter-8.0.3.jar;D:\DeadlineIUH\BaitapPTUD\Code\DeTai_PTUD\lib\bouncy-castle-connector-8.0.3.jar;D:\DeadlineIUH\BaitapPTUD\Code\DeTai_PTUD\lib\bouncy-castle-fips-adapter-8.0.3.jar;D:\DeadlineIUH\BaitapPTUD\Code\DeTai_PTUD\lib\commons-8.0.3.jar;D:\DeadlineIUH\BaitapPTUD\Code\DeTai_PTUD\lib\font-asian-8.0.3.jar;D:\DeadlineIUH\BaitapPTUD\Code\DeTai_PTUD\lib\forms-8.0.3.jar;D:\DeadlineIUH\BaitapPTUD\Code\DeTai_PTUD\lib\hyph-8.0.3.jar;D:\DeadlineIUH\BaitapPTUD\Code\DeTai_PTUD\lib\io-8.0.3.jar;D:\DeadlineIUH\BaitapPTUD\Code\DeTai_PTUD\lib\kernel-8.0.3.jar;D:\DeadlineIUH\BaitapPTUD\Code\DeTai_PTUD\lib\layout-8.0.3.jar;D:\DeadlineIUH\BaitapPTUD\Code\DeTai_PTUD\lib\pdfa-8.0.3.jar;D:\DeadlineIUH\BaitapPTUD\Code\DeTai_PTUD\lib\pdftest-8.0.3.jar;D:\DeadlineIUH\BaitapPTUD\Code\DeTai_PTUD\lib\pdfua-8.0.3.jar;D:\DeadlineIUH\BaitapPTUD\Code\DeTai_PTUD\lib\sign-8.0.3.jar;D:\DeadlineIUH\BaitapPTUD\Code\DeTai_PTUD\l
Launcher Type: SUN_STANDARD

[Global flags]
     intx CICompilerCount                          = 4                                         {product} {ergonomic}
     uint ConcGCThreads                            = 3                                         {product} {ergonomic}
     uint G1ConcRefinementThreads                  = 10                                        {product} {ergonomic}
   size_t G1HeapRegionSize                         = 2097152                                   {product} {ergonomic}
    uintx GCDrainStackTargetSize                   = 64                                        {product} {ergonomic}
   size_t InitialHeapSize                          = 264241152                                 {product} {ergonomic}
   size_t MarkStackSize                            = 4194304                                   {product} {ergonomic}
   size_t MaxHeapSize                              = 4208984064                                {product} {ergonomic}
   size_t MinHeapDeltaBytes                        = 2097152                                   {product} {ergonomic}
   size_t MinHeapSize                              = 8388608                                   {product} {ergonomic}
    uintx NonNMethodCodeHeapSize                   = 5839372                                {pd product} {ergonomic}
    uintx NonProfiledCodeHeapSize                  = 122909434                              {pd product} {ergonomic}
    uintx ProfiledCodeHeapSize                     = 122909434                              {pd product} {ergonomic}
    uintx ReservedCodeCacheSize                    = 251658240                              {pd product} {ergonomic}
     bool SegmentedCodeCache                       = true                                      {product} {ergonomic}
     bool ShowCodeDetailsInExceptionMessages       = true                                   {manageable} {command line}
   size_t SoftMaxHeapSize                          = 4208984064                             {manageable} {ergonomic}
     bool UseCompressedClassPointers               = true                           {product lp64_product} {ergonomic}
     bool UseCompressedOops                        = true                           {product lp64_product} {ergonomic}
     bool UseG1GC                                  = true                                      {product} {ergonomic}
     bool UseLargePagesIndividualAllocation        = false                                  {pd product} {ergonomic}

Logging:
Log output configuration:
 #0: stdout all=warning uptime,level,tags
 #1: stderr all=off uptime,level,tags

Environment Variables:
JAVA_HOME=C:\Program Files\Java\jdk-17
PATH=C:\Program Files\Common Files\Oracle\Java\javapath;C:\WINDOWS\system32;C:\WINDOWS;C:\WINDOWS\System32\Wbem;C:\WINDOWS\System32\WindowsPowerShell\v1.0\;C:\WINDOWS\System32\OpenSSH\;C:\Program Files (x86)\mingw-w64\i686-8.1.0-posix-dwarf-rt_v6-rev0;C:\Program Files\dotnet\;C:\Program Files (x86)\mingw-w64\i686-8.1.0-posix-dwarf-rt_v6-rev0;C:\MinGW\bin;C:\Users\HP\AppData\Local\Programs\Python\Python311;C:\Program Files (x86)\Microsoft SQL Server\160\Tools\Binn\;C:\Program Files\Microsoft SQL Server\160\Tools\Binn\;C:\Program Files\Microsoft SQL Server\Client SDK\ODBC\170\Tools\Binn\;C:\Program Files\Microsoft SQL Server\160\DTS\Binn\;C:\Program Files\Azure Data Studio\bin;C:\Program Files\MongoDB\Server\6.0\bin;C:\Program Files\MongoDB\Tools\100\bin;C:\Users\HP\AppData\Local\Programs\mongosh\;C:\Program Files\MongoDB Compass\;C:\Program Files\MongoDB\Server\6.0\bin;C:\Program Files (x86)\Microsoft SQL Server\160\DTS\Binn\;C:\Program Files\Docker\Docker\resources\bin;D:\Environment\gradle-2.7\bin;C:\Program Files\Java\jdk-17\bin;C:\Program Files\Git\cmd;C:\Program Files\nodejs\;C:\Program Files\MySQL\MySQL Shell 8.0\bin\;C:\Users\HP\AppData\Local\Programs\Python\Python310\Scripts\;C:\Users\HP\AppData\Local\Programs\Python\Python310\;C:\Users\HP\AppData\Local\Microsoft\WindowsApps;C:\Users\HP\AppData\Local\Programs\Microsoft VS Code\bin;C:\Users\HP\.dotnet\tools;C:\Users\HP\Downloads\bin;C:\Users\HP\AppData\Local\Programs\Python\Python311;C:\Users\HP\AppData\Local\Programs\Python\Python311\Scripts;C:\Program Files\JetBrains\IntelliJ IDEA Community Edition 2023.1.2\bin;C:\Program Files\JetBrains\IntelliJ IDEA Community Edition 2024.1.2\bin;C:\Program Files\JetBrains\IntelliJ IDEA 2024.1.2\bin;;C:\Program Files\Azure Data Studio\bin;C:\Users\HP\AppData\Local\GitHubDesktop\bin;C:\Users\HP\AppData\Local\Programs\mongosh\;%IntelliJ IDEA Community Edition 2024.1.2%;;C:\Program Files\JetBrains\IntelliJ IDEA 2024.1.2\bin;;C:\Users\HP\AppData\Roaming\npm
USERNAME=HP
OS=Windows_NT
PROCESSOR_IDENTIFIER=Intel64 Family 6 Model 154 Stepping 4, GenuineIntel



---------------  S Y S T E M  ---------------

OS:
 Windows 11 , 64 bit Build 22621 (10.0.22621.3958)
OS uptime: 2 days 5:31 hours
Hyper-V role detected

CPU: total 12 (initial active 12) (6 cores per cpu, 2 threads per core) family 6 model 154 stepping 4 microcode 0x42c, cx8, cmov, fxsr, ht, mmx, 3dnowpref, sse, sse2, sse3, ssse3, sse4.1, sse4.2, popcnt, lzcnt, tsc, tscinvbit, avx, avx2, aes, erms, clmul, bmi1, bmi2, adx, sha, fma, vzeroupper, clflush, clflushopt, clwb, hv

Memory: 4k page, system-wide physical 16055M (4628M free)
TotalPageFile size 41889M (AvailPageFile size 10M)
current process WorkingSet (physical memory assigned to process): 11M, peak: 11M
current process commit charge ("private bytes"): 61M, peak: 62M

vm_info: Java HotSpot(TM) 64-Bit Server VM (17.0.10+11-LTS-240) for windows-amd64 JRE (17.0.10+11-LTS-240), built on Dec 19 2023 21:47:25 by "mach5one" with MS VC++ 17.1 (VS2022)

END.
